<?xml version="1.0" encoding="UTF-8"?>
<!-- Generated by org.testng.reporters.JUnitReportReporter -->
<testsuite hostname="DESKTOP-NHPRK1V" failures="0" tests="1" name="com.ECommerce.Amazon" time="49.827" errors="0" timestamp="2025-04-17T15:39:07 IST" skipped="0">
  <testcase classname="com.ECommerce.Amazon" name="Open" time="49.827"/>
</testsuite> <!-- com.ECommerce.Amazon -->
