<?xml version="1.0" encoding="UTF-8"?>
<!-- Generated by org.testng.reporters.JUnitReportReporter -->
<testsuite hostname="DESKTOP-NHPRK1V" failures="0" tests="1" name="com.TestCases.TC_001" time="28.441" errors="0" timestamp="2025-04-18T18:10:44 IST" skipped="0">
  <testcase classname="com.TestCases.TC_001" name="product" time="28.441"/>
</testsuite> <!-- com.TestCases.TC_001 -->
